<?xml version="1.0" encoding="UTF-8"?>
<testsuite name="com.datastructure.MyHashMapTest" tests="2" skipped="0" failures="0" errors="0" timestamp="2020-12-07T19:41:03" hostname="DESKTOP-S0RN8B8" time="0.036">
  <properties/>
  <testcase name="givenASentenceWhenWordsAreAddedToListShouldReturnWordFrequency" classname="com.datastructure.MyHashMapTest" time="0.031"/>
  <testcase name="givenSentenceWhenWordsAreAddedToListShouldReturnParanoidFrequency" classname="com.datastructure.MyHashMapTest" time="0.003"/>
  <system-out><![CDATA[
 ******* welcome to Data structure ********
myHashMapNodes { myLinkedListNodes {  MyMapNode { K = to V = 2 -> MyMapNode { K = be V = 2 -> MyMapNode { K = or V = 1 -> MyMapNode { K = not V = 1 }}
myHashMapNodes { myLinkedListNodes {  MyMapNode { K = paranoids V = 1 -> MyMapNode { K = are V = 2 -> MyMapNode { K = not V = 1 -> MyMapNode { K = paranoid V = 3 -> MyMapNode { K = because V = 2 -> MyMapNode { K = they V = 2 -> MyMapNode { K = but V = 1 -> MyMapNode { K = keep V = 1 -> MyMapNode { K = putting V = 1 -> MyMapNode { K = themselves V = 1 -> MyMapNode { K = deliberately V = 1 -> MyMapNode { K = into V = 1 -> MyMapNode { K = avoidable V = 1 -> MyMapNode { K = situations V = 1 }}
]]></system-out>
  <system-err><![CDATA[]]></system-err>
</testsuite>
