<?xml version="1.0" encoding="UTF-8"?>
<testsuite name="com.datastructure.myBinaryTreeTest" tests="1" skipped="0" failures="0" errors="0" timestamp="2020-12-08T19:07:07" hostname="DESKTOP-S0RN8B8" time="0.024">
  <properties/>
  <testcase name="givenNumberAreAddedWhenSearchANumberShuldReturnTrueIfItExist" classname="com.datastructure.myBinaryTreeTest" time="0.024"/>
  <system-out><![CDATA[Test Case 3 - 56 Not found
]]></system-out>
  <system-err><![CDATA[]]></system-err>
</testsuite>
